<?xml version="1.0" encoding="UTF-8"?>
<!-- Generated by org.testng.reporters.JUnitReportReporter -->
<testsuite skipped="0" hostname="LAPTOP-JIMJKHQD" name="pack.Runner.MyntraRunnerPage" tests="1" failures="0" timestamp="19 May 2020 08:07:30 GMT" time="6.411" errors="0">
  <testcase name="feature" time="6.411" classname="pack.Runner.MyntraRunnerPage"/>
</testsuite> <!-- pack.Runner.MyntraRunnerPage -->
