<?xml version="1.0" encoding="UTF-8"?>
<!-- Generated by org.testng.reporters.JUnitReportReporter -->
<testsuite skipped="0" hostname="LAPTOP-JIMJKHQD" name="pack.TestUps.TestUps" tests="1" failures="0" timestamp="23 Apr 2020 00:08:41 GMT" time="17.480" errors="0">
  <testcase name="ShippingTest" time="17.480" classname="pack.TestUps.TestUps"/>
</testsuite> <!-- pack.TestUps.TestUps -->
