<?xml version="1.0" encoding="UTF-8"?>
<!-- Generated by org.testng.reporters.JUnitReportReporter -->
<testsuite skipped="0" hostname="LAPTOP-JIMJKHQD" name="pack.TestUps.TestUps" tests="1" failures="0" timestamp="25 Apr 2020 18:35:28 GMT" time="27.328" errors="0">
  <testcase name="ShippingTest" time="27.328" classname="pack.TestUps.TestUps"/>
</testsuite> <!-- pack.TestUps.TestUps -->
