<?xml version="1.0" encoding="UTF-8"?>
<!-- Generated by org.testng.reporters.JUnitReportReporter -->
<testsuite skipped="0" hostname="LAPTOP-JIMJKHQD" name="UpsShipping.UpsShippingTest" tests="1" failures="0" timestamp="17 Apr 2020 21:35:45 GMT" time="9.815" errors="0">
  <testcase name="UpsShipping" time="9.815" classname="UpsShipping.UpsShippingTest"/>
</testsuite> <!-- UpsShipping.UpsShippingTest -->
